19-Mar-2023 15:51:58.042 INFO [main] org.apache.catalina.startup.VersionLoggerListener.log Nombre de la versión del servidor: Apache Tomcat/8.5.87
19-Mar-2023 15:51:58.042 INFO [main] org.apache.catalina.startup.VersionLoggerListener.log Server built:                      Feb 27 2023 19:32:33 UTC
19-Mar-2023 15:51:58.042 INFO [main] org.apache.catalina.startup.VersionLoggerListener.log Número de versión de servidor:     8.5.87.0
19-Mar-2023 15:51:58.042 INFO [main] org.apache.catalina.startup.VersionLoggerListener.log OS Name:                           Windows 10
19-Mar-2023 15:51:58.042 INFO [main] org.apache.catalina.startup.VersionLoggerListener.log Versión de Systema Operativo:      10.0
19-Mar-2023 15:51:58.042 INFO [main] org.apache.catalina.startup.VersionLoggerListener.log Arquitectura:                      amd64
19-Mar-2023 15:51:58.042 INFO [main] org.apache.catalina.startup.VersionLoggerListener.log Java Home:                         C:\Program Files\Java\jdk-19
19-Mar-2023 15:51:58.042 INFO [main] org.apache.catalina.startup.VersionLoggerListener.log JVM Version:                       19.0.2+7-44
19-Mar-2023 15:51:58.042 INFO [main] org.apache.catalina.startup.VersionLoggerListener.log Vededor JVM:                       Oracle Corporation
19-Mar-2023 15:51:58.042 INFO [main] org.apache.catalina.startup.VersionLoggerListener.log CATALINA_BASE:                     C:\Users\Lisan\OneDrive\Escritorio\Lisandro\Programación\apache-tomcat-8.5.87
19-Mar-2023 15:51:58.042 INFO [main] org.apache.catalina.startup.VersionLoggerListener.log CATALINA_HOME:                     C:\Users\Lisan\OneDrive\Escritorio\Lisandro\Programación\apache-tomcat-8.5.87
19-Mar-2023 15:51:58.042 INFO [main] org.apache.catalina.startup.VersionLoggerListener.log Command line argument:             --add-opens=java.base/java.lang=ALL-UNNAMED
19-Mar-2023 15:51:58.042 INFO [main] org.apache.catalina.startup.VersionLoggerListener.log Command line argument:             --add-opens=java.base/java.io=ALL-UNNAMED
19-Mar-2023 15:51:58.042 INFO [main] org.apache.catalina.startup.VersionLoggerListener.log Command line argument:             --add-opens=java.base/java.util=ALL-UNNAMED
19-Mar-2023 15:51:58.042 INFO [main] org.apache.catalina.startup.VersionLoggerListener.log Command line argument:             --add-opens=java.base/java.util.concurrent=ALL-UNNAMED
19-Mar-2023 15:51:58.042 INFO [main] org.apache.catalina.startup.VersionLoggerListener.log Command line argument:             --add-opens=java.rmi/sun.rmi.transport=ALL-UNNAMED
19-Mar-2023 15:51:58.042 INFO [main] org.apache.catalina.startup.VersionLoggerListener.log Command line argument:             -Djava.util.logging.config.file=C:\Users\Lisan\OneDrive\Escritorio\Lisandro\Programación\apache-tomcat-8.5.87\conf\logging.properties
19-Mar-2023 15:51:58.042 INFO [main] org.apache.catalina.startup.VersionLoggerListener.log Command line argument:             -Djava.util.logging.manager=org.apache.juli.ClassLoaderLogManager
19-Mar-2023 15:51:58.042 INFO [main] org.apache.catalina.startup.VersionLoggerListener.log Command line argument:             -Djdk.tls.ephemeralDHKeySize=2048
19-Mar-2023 15:51:58.042 INFO [main] org.apache.catalina.startup.VersionLoggerListener.log Command line argument:             -Djava.protocol.handler.pkgs=org.apache.catalina.webresources
19-Mar-2023 15:51:58.042 INFO [main] org.apache.catalina.startup.VersionLoggerListener.log Command line argument:             -Dignore.endorsed.dirs=
19-Mar-2023 15:51:58.042 INFO [main] org.apache.catalina.startup.VersionLoggerListener.log Command line argument:             -Dcatalina.base=C:\Users\Lisan\OneDrive\Escritorio\Lisandro\Programación\apache-tomcat-8.5.87
19-Mar-2023 15:51:58.042 INFO [main] org.apache.catalina.startup.VersionLoggerListener.log Command line argument:             -Dcatalina.home=C:\Users\Lisan\OneDrive\Escritorio\Lisandro\Programación\apache-tomcat-8.5.87
19-Mar-2023 15:51:58.042 INFO [main] org.apache.catalina.startup.VersionLoggerListener.log Command line argument:             -Djava.io.tmpdir=C:\Users\Lisan\OneDrive\Escritorio\Lisandro\Programación\apache-tomcat-8.5.87\temp
19-Mar-2023 15:51:58.095 INFO [main] org.apache.catalina.core.AprLifecycleListener.lifecycleEvent Cargada la biblioteca nativa APR de Apache Tomcat [1.2.36] con la versión APR [1.7.2].
19-Mar-2023 15:51:58.095 INFO [main] org.apache.catalina.core.AprLifecycleListener.lifecycleEvent Capacidades APR: IPv6 [true], enviar fichero [true], aceptar filtros [false], aleatorio [true], UDS [{4}].
19-Mar-2023 15:51:58.095 INFO [main] org.apache.catalina.core.AprLifecycleListener.lifecycleEvent APR/OpenSSL configuration: useAprConnector [false], useOpenSSL [true]
19-Mar-2023 15:51:58.160 INFO [main] org.apache.catalina.core.AprLifecycleListener.initializeSSL OpenSSL inicializado correctamente [OpenSSL 1.1.1t  7 Feb 2023]
19-Mar-2023 15:51:58.190 INFO [main] org.apache.coyote.AbstractProtocol.init Inicializando el manejador de protocolo ["http-nio-8080"]

19-Mar-2023 15:51:58.212 INFO [main] org.apache.catalina.startup.Catalina.load Initialization processed in 863 ms
19-Mar-2023 15:51:58.253 INFO [main] org.apache.catalina.core.StandardService.startInternal Arrancando servicio [Catalina]
19-Mar-2023 15:51:58.253 INFO [main] org.apache.catalina.core.StandardEngine.startInternal Starting Servlet engine: [Apache Tomcat/8.5.87]
19-Mar-2023 15:51:58.262 INFO [localhost-startStop-1] org.apache.catalina.startup.HostConfig.deployDirectory Desplegando el directorio [C:\Users\Lisan\OneDrive\Escritorio\Lisandro\Programación\apache-tomcat-8.5.87\webapps\docs] de la aplicación web
19-Mar-2023 15:51:58.521 INFO [localhost-startStop-1] org.apache.catalina.startup.HostConfig.deployDirectory Deployment of web application directory [C:\Users\Lisan\OneDrive\Escritorio\Lisandro\Programación\apache-tomcat-8.5.87\webapps\docs] has finished in [257] ms
19-Mar-2023 15:51:58.521 INFO [localhost-startStop-1] org.apache.catalina.startup.HostConfig.deployDirectory Desplegando el directorio [C:\Users\Lisan\OneDrive\Escritorio\Lisandro\Programación\apache-tomcat-8.5.87\webapps\examples] de la aplicación web
19-Mar-2023 15:51:58.918 INFO [localhost-startStop-1] org.apache.catalina.startup.HostConfig.deployDirectory Deployment of web application directory [C:\Users\Lisan\OneDrive\Escritorio\Lisandro\Programación\apache-tomcat-8.5.87\webapps\examples] has finished in [397] ms
19-Mar-2023 15:51:58.918 INFO [localhost-startStop-1] org.apache.catalina.startup.HostConfig.deployDirectory Desplegando el directorio [C:\Users\Lisan\OneDrive\Escritorio\Lisandro\Programación\apache-tomcat-8.5.87\webapps\host-manager] de la aplicación web
19-Mar-2023 15:51:58.947 INFO [localhost-startStop-1] org.apache.catalina.startup.HostConfig.deployDirectory Deployment of web application directory [C:\Users\Lisan\OneDrive\Escritorio\Lisandro\Programación\apache-tomcat-8.5.87\webapps\host-manager] has finished in [29] ms
19-Mar-2023 15:51:58.947 INFO [localhost-startStop-1] org.apache.catalina.startup.HostConfig.deployDirectory Desplegando el directorio [C:\Users\Lisan\OneDrive\Escritorio\Lisandro\Programación\apache-tomcat-8.5.87\webapps\manager] de la aplicación web
19-Mar-2023 15:51:58.984 INFO [localhost-startStop-1] org.apache.catalina.startup.HostConfig.deployDirectory Deployment of web application directory [C:\Users\Lisan\OneDrive\Escritorio\Lisandro\Programación\apache-tomcat-8.5.87\webapps\manager] has finished in [37] ms
19-Mar-2023 15:51:58.984 INFO [localhost-startStop-1] org.apache.catalina.startup.HostConfig.deployDirectory Desplegando el directorio [C:\Users\Lisan\OneDrive\Escritorio\Lisandro\Programación\apache-tomcat-8.5.87\webapps\ROOT] de la aplicación web
19-Mar-2023 15:51:59.003 INFO [localhost-startStop-1] org.apache.catalina.startup.HostConfig.deployDirectory Deployment of web application directory [C:\Users\Lisan\OneDrive\Escritorio\Lisandro\Programación\apache-tomcat-8.5.87\webapps\ROOT] has finished in [18] ms
19-Mar-2023 15:51:59.004 INFO [main] org.apache.coyote.AbstractProtocol.start Starting ProtocolHandler ["http-nio-8080"]
19-Mar-2023 15:51:59.041 INFO [main] org.apache.catalina.startup.Catalina.start Server startup in 826 ms
19-Mar-2023 15:52:16.641 INFO [http-nio-8080-exec-9] org.apache.catalina.startup.HostConfig.deployDescriptor Desplieque del descriptor de configuración [C:\Users\Lisan\OneDrive\Escritorio\Lisandro\Programación\apache-tomcat-8.5.87\conf\Catalina\localhost\PruebaJSP.xml]
19-Mar-2023 15:52:16.670 INFO [http-nio-8080-exec-9] org.apache.catalina.startup.HostConfig.deployDescriptor Deployment of deployment descriptor [C:\Users\Lisan\OneDrive\Escritorio\Lisandro\Programación\apache-tomcat-8.5.87\conf\Catalina\localhost\PruebaJSP.xml] has finished in [29] ms
19-Mar-2023 15:52:16.673 INFO [http-nio-8080-exec-1] org.apache.catalina.util.LifecycleBase.start The start() method was called on component [StandardEngine[Catalina].StandardHost[localhost].StandardContext[/PruebaJSP]] after start() had already been called. The second call will be ignored.
19-Mar-2023 15:58:49.544 INFO [http-nio-8080-exec-8] org.apache.catalina.startup.HostConfig.undeploy Repliegue (undeploy) de la aplicación web que tiene como trayectoria de contexto [/PruebaJSP]
19-Mar-2023 15:58:50.059 INFO [ContainerBackgroundProcessor[StandardEngine[Catalina]]] org.apache.catalina.startup.HostConfig.undeploy Repliegue (undeploy) de la aplicación web que tiene como trayectoria de contexto [/PruebaJSP]
19-Mar-2023 15:59:21.063 INFO [http-nio-8080-exec-1] org.apache.catalina.startup.HostConfig.deployDescriptor Desplieque del descriptor de configuración [C:\Users\Lisan\OneDrive\Escritorio\Lisandro\Programación\apache-tomcat-8.5.87\conf\Catalina\localhost\PruebaJSP.xml]
19-Mar-2023 15:59:21.087 INFO [http-nio-8080-exec-1] org.apache.catalina.startup.HostConfig.deployDescriptor Deployment of deployment descriptor [C:\Users\Lisan\OneDrive\Escritorio\Lisandro\Programación\apache-tomcat-8.5.87\conf\Catalina\localhost\PruebaJSP.xml] has finished in [24] ms
19-Mar-2023 15:59:21.090 INFO [http-nio-8080-exec-11] org.apache.catalina.util.LifecycleBase.start The start() method was called on component [StandardEngine[Catalina].StandardHost[localhost].StandardContext[/PruebaJSP]] after start() had already been called. The second call will be ignored.
19-Mar-2023 16:12:31.070 INFO [http-nio-8080-exec-15] org.apache.catalina.core.StandardContext.reload Ha comenzado la recarga de Contexto [/PruebaJSP]
19-Mar-2023 16:12:31.107 INFO [http-nio-8080-exec-15] org.apache.catalina.core.StandardContext.reload Se ha completado la recarga de este Contexto
19-Mar-2023 16:12:31.359 INFO [http-nio-8080-exec-20] org.apache.catalina.core.StandardContext.reload Ha comenzado la recarga de Contexto [/PruebaJSP]
19-Mar-2023 16:12:31.383 INFO [http-nio-8080-exec-20] org.apache.catalina.core.StandardContext.reload Se ha completado la recarga de este Contexto
19-Mar-2023 16:17:56.771 INFO [http-nio-8080-exec-25] org.apache.catalina.core.StandardContext.reload Ha comenzado la recarga de Contexto [/PruebaJSP]
19-Mar-2023 16:17:56.801 INFO [http-nio-8080-exec-25] org.apache.catalina.core.StandardContext.reload Se ha completado la recarga de este Contexto
19-Mar-2023 16:17:56.865 INFO [http-nio-8080-exec-21] org.apache.catalina.core.StandardContext.reload Ha comenzado la recarga de Contexto [/PruebaJSP]
19-Mar-2023 16:17:56.896 INFO [http-nio-8080-exec-21] org.apache.catalina.core.StandardContext.reload Se ha completado la recarga de este Contexto
19-Mar-2023 16:18:15.851 INFO [http-nio-8080-exec-27] org.apache.catalina.core.StandardContext.reload Ha comenzado la recarga de Contexto [/PruebaJSP]
19-Mar-2023 16:18:15.874 INFO [http-nio-8080-exec-27] org.apache.catalina.core.StandardContext.reload Se ha completado la recarga de este Contexto
19-Mar-2023 16:22:03.832 INFO [http-nio-8080-exec-32] org.apache.catalina.core.StandardContext.reload Ha comenzado la recarga de Contexto [/PruebaJSP]
19-Mar-2023 16:22:03.858 INFO [http-nio-8080-exec-32] org.apache.catalina.core.StandardContext.reload Se ha completado la recarga de este Contexto
19-Mar-2023 16:25:36.609 INFO [http-nio-8080-exec-37] org.apache.catalina.core.StandardContext.reload Ha comenzado la recarga de Contexto [/PruebaJSP]
19-Mar-2023 16:25:36.631 INFO [http-nio-8080-exec-37] org.apache.catalina.core.StandardContext.reload Se ha completado la recarga de este Contexto
19-Mar-2023 16:26:19.868 INFO [http-nio-8080-exec-13] org.apache.catalina.core.StandardContext.reload Ha comenzado la recarga de Contexto [/PruebaJSP]
19-Mar-2023 16:26:19.894 INFO [http-nio-8080-exec-13] org.apache.catalina.core.StandardContext.reload Se ha completado la recarga de este Contexto
19-Mar-2023 16:26:57.135 INFO [http-nio-8080-exec-33] org.apache.catalina.core.StandardContext.reload Ha comenzado la recarga de Contexto [/PruebaJSP]
19-Mar-2023 16:26:57.152 INFO [http-nio-8080-exec-33] org.apache.catalina.core.StandardContext.reload Se ha completado la recarga de este Contexto
19-Mar-2023 16:27:43.121 INFO [http-nio-8080-exec-39] org.apache.catalina.core.StandardContext.reload Ha comenzado la recarga de Contexto [/PruebaJSP]
19-Mar-2023 16:27:43.143 INFO [http-nio-8080-exec-39] org.apache.catalina.core.StandardContext.reload Se ha completado la recarga de este Contexto
19-Mar-2023 16:27:46.485 INFO [http-nio-8080-exec-42] org.apache.catalina.core.StandardContext.reload Ha comenzado la recarga de Contexto [/PruebaJSP]
19-Mar-2023 16:27:46.512 INFO [http-nio-8080-exec-42] org.apache.catalina.core.StandardContext.reload Se ha completado la recarga de este Contexto
19-Mar-2023 16:30:10.281 INFO [http-nio-8080-exec-47] org.apache.catalina.startup.HostConfig.undeploy Repliegue (undeploy) de la aplicación web que tiene como trayectoria de contexto [/PruebaJSP]
19-Mar-2023 16:30:10.491 INFO [http-nio-8080-exec-35] org.apache.catalina.startup.HostConfig.deployDescriptor Desplieque del descriptor de configuración [C:\Users\Lisan\OneDrive\Escritorio\Lisandro\Programación\apache-tomcat-8.5.87\conf\Catalina\localhost\PruebaJSP.xml]
19-Mar-2023 16:30:10.512 INFO [http-nio-8080-exec-35] org.apache.catalina.startup.HostConfig.deployDescriptor Deployment of deployment descriptor [C:\Users\Lisan\OneDrive\Escritorio\Lisandro\Programación\apache-tomcat-8.5.87\conf\Catalina\localhost\PruebaJSP.xml] has finished in [21] ms
19-Mar-2023 16:30:10.512 INFO [http-nio-8080-exec-47] org.apache.catalina.util.LifecycleBase.start The start() method was called on component [StandardEngine[Catalina].StandardHost[localhost].StandardContext[/PruebaJSP]] after start() had already been called. The second call will be ignored.
19-Mar-2023 16:33:41.163 INFO [http-nio-8080-exec-59] org.apache.catalina.startup.HostConfig.undeploy Repliegue (undeploy) de la aplicación web que tiene como trayectoria de contexto [/PruebaJSP]
19-Mar-2023 16:33:45.707 INFO [http-nio-8080-exec-51] org.apache.catalina.startup.HostConfig.deployDescriptor Desplieque del descriptor de configuración [C:\Users\Lisan\OneDrive\Escritorio\Lisandro\Programación\apache-tomcat-8.5.87\conf\Catalina\localhost\PruebaJSP.xml]
19-Mar-2023 16:33:45.737 INFO [http-nio-8080-exec-51] org.apache.catalina.startup.HostConfig.deployDescriptor Deployment of deployment descriptor [C:\Users\Lisan\OneDrive\Escritorio\Lisandro\Programación\apache-tomcat-8.5.87\conf\Catalina\localhost\PruebaJSP.xml] has finished in [30] ms
19-Mar-2023 16:33:45.737 INFO [http-nio-8080-exec-61] org.apache.catalina.util.LifecycleBase.start The start() method was called on component [StandardEngine[Catalina].StandardHost[localhost].StandardContext[/PruebaJSP]] after start() had already been called. The second call will be ignored.
19-Mar-2023 16:33:54.022 INFO [main] org.apache.catalina.core.StandardServer.await Se ha recibido un comando de apagado a través del puerto de apagado. Parando la instancia del Servidor.
19-Mar-2023 16:33:54.022 INFO [main] org.apache.coyote.AbstractProtocol.pause Pausing ProtocolHandler ["http-nio-8080"]
19-Mar-2023 16:33:54.028 INFO [main] org.apache.catalina.core.StandardService.stopInternal Parando servicio [Catalina]
19-Mar-2023 16:33:54.035 INFO [main] org.apache.coyote.AbstractProtocol.stop Stopping ProtocolHandler ["http-nio-8080"]
19-Mar-2023 16:33:54.037 INFO [main] org.apache.coyote.AbstractProtocol.destroy Destroying ProtocolHandler ["http-nio-8080"]
19-Mar-2023 16:33:57.352 INFO [main] org.apache.catalina.startup.VersionLoggerListener.log Nombre de la versión del servidor: Apache Tomcat/8.5.87
19-Mar-2023 16:33:57.359 INFO [main] org.apache.catalina.startup.VersionLoggerListener.log Server built:                      Feb 27 2023 19:32:33 UTC
19-Mar-2023 16:33:57.359 INFO [main] org.apache.catalina.startup.VersionLoggerListener.log Número de versión de servidor:     8.5.87.0
19-Mar-2023 16:33:57.359 INFO [main] org.apache.catalina.startup.VersionLoggerListener.log OS Name:                           Windows 10
19-Mar-2023 16:33:57.359 INFO [main] org.apache.catalina.startup.VersionLoggerListener.log Versión de Systema Operativo:      10.0
19-Mar-2023 16:33:57.359 INFO [main] org.apache.catalina.startup.VersionLoggerListener.log Arquitectura:                      amd64
19-Mar-2023 16:33:57.359 INFO [main] org.apache.catalina.startup.VersionLoggerListener.log Java Home:                         C:\Program Files\Java\jdk-19
19-Mar-2023 16:33:57.359 INFO [main] org.apache.catalina.startup.VersionLoggerListener.log JVM Version:                       19.0.2+7-44
19-Mar-2023 16:33:57.359 INFO [main] org.apache.catalina.startup.VersionLoggerListener.log Vededor JVM:                       Oracle Corporation
19-Mar-2023 16:33:57.359 INFO [main] org.apache.catalina.startup.VersionLoggerListener.log CATALINA_BASE:                     C:\Users\Lisan\OneDrive\Escritorio\Lisandro\Programación\apache-tomcat-8.5.87
19-Mar-2023 16:33:57.359 INFO [main] org.apache.catalina.startup.VersionLoggerListener.log CATALINA_HOME:                     C:\Users\Lisan\OneDrive\Escritorio\Lisandro\Programación\apache-tomcat-8.5.87
19-Mar-2023 16:33:57.360 INFO [main] org.apache.catalina.startup.VersionLoggerListener.log Command line argument:             --add-opens=java.base/java.lang=ALL-UNNAMED
19-Mar-2023 16:33:57.360 INFO [main] org.apache.catalina.startup.VersionLoggerListener.log Command line argument:             --add-opens=java.base/java.io=ALL-UNNAMED
19-Mar-2023 16:33:57.360 INFO [main] org.apache.catalina.startup.VersionLoggerListener.log Command line argument:             --add-opens=java.base/java.util=ALL-UNNAMED
19-Mar-2023 16:33:57.360 INFO [main] org.apache.catalina.startup.VersionLoggerListener.log Command line argument:             --add-opens=java.base/java.util.concurrent=ALL-UNNAMED
19-Mar-2023 16:33:57.360 INFO [main] org.apache.catalina.startup.VersionLoggerListener.log Command line argument:             --add-opens=java.rmi/sun.rmi.transport=ALL-UNNAMED
19-Mar-2023 16:33:57.360 INFO [main] org.apache.catalina.startup.VersionLoggerListener.log Command line argument:             -Djava.util.logging.config.file=C:\Users\Lisan\OneDrive\Escritorio\Lisandro\Programación\apache-tomcat-8.5.87\conf\logging.properties
19-Mar-2023 16:33:57.361 INFO [main] org.apache.catalina.startup.VersionLoggerListener.log Command line argument:             -Djava.util.logging.manager=org.apache.juli.ClassLoaderLogManager
19-Mar-2023 16:33:57.361 INFO [main] org.apache.catalina.startup.VersionLoggerListener.log Command line argument:             -Djdk.tls.ephemeralDHKeySize=2048
19-Mar-2023 16:33:57.361 INFO [main] org.apache.catalina.startup.VersionLoggerListener.log Command line argument:             -Djava.protocol.handler.pkgs=org.apache.catalina.webresources
19-Mar-2023 16:33:57.361 INFO [main] org.apache.catalina.startup.VersionLoggerListener.log Command line argument:             -agentlib:jdwp=transport=dt_shmem,address=tomcat_shared_memory_id,server=y,suspend=n
19-Mar-2023 16:33:57.361 INFO [main] org.apache.catalina.startup.VersionLoggerListener.log Command line argument:             -Dignore.endorsed.dirs=
19-Mar-2023 16:33:57.361 INFO [main] org.apache.catalina.startup.VersionLoggerListener.log Command line argument:             -Dcatalina.base=C:\Users\Lisan\OneDrive\Escritorio\Lisandro\Programación\apache-tomcat-8.5.87
19-Mar-2023 16:33:57.361 INFO [main] org.apache.catalina.startup.VersionLoggerListener.log Command line argument:             -Dcatalina.home=C:\Users\Lisan\OneDrive\Escritorio\Lisandro\Programación\apache-tomcat-8.5.87
19-Mar-2023 16:33:57.362 INFO [main] org.apache.catalina.startup.VersionLoggerListener.log Command line argument:             -Djava.io.tmpdir=C:\Users\Lisan\OneDrive\Escritorio\Lisandro\Programación\apache-tomcat-8.5.87\temp
19-Mar-2023 16:33:57.362 INFO [main] org.apache.catalina.core.AprLifecycleListener.lifecycleEvent Cargada la biblioteca nativa APR de Apache Tomcat [1.2.36] con la versión APR [1.7.2].
19-Mar-2023 16:33:57.363 INFO [main] org.apache.catalina.core.AprLifecycleListener.lifecycleEvent Capacidades APR: IPv6 [true], enviar fichero [true], aceptar filtros [false], aleatorio [true], UDS [{4}].
19-Mar-2023 16:33:57.363 INFO [main] org.apache.catalina.core.AprLifecycleListener.lifecycleEvent APR/OpenSSL configuration: useAprConnector [false], useOpenSSL [true]
19-Mar-2023 16:33:57.366 INFO [main] org.apache.catalina.core.AprLifecycleListener.initializeSSL OpenSSL inicializado correctamente [OpenSSL 1.1.1t  7 Feb 2023]
19-Mar-2023 16:33:57.394 INFO [main] org.apache.coyote.AbstractProtocol.init Inicializando el manejador de protocolo ["http-nio-8080"]

19-Mar-2023 16:33:57.407 INFO [main] org.apache.catalina.startup.Catalina.load Initialization processed in 341 ms
19-Mar-2023 16:33:57.443 INFO [main] org.apache.catalina.core.StandardService.startInternal Arrancando servicio [Catalina]
19-Mar-2023 16:33:57.444 INFO [main] org.apache.catalina.core.StandardEngine.startInternal Starting Servlet engine: [Apache Tomcat/8.5.87]
19-Mar-2023 16:33:57.451 INFO [localhost-startStop-1] org.apache.catalina.startup.HostConfig.deployDescriptor Desplieque del descriptor de configuración [C:\Users\Lisan\OneDrive\Escritorio\Lisandro\Programación\apache-tomcat-8.5.87\conf\Catalina\localhost\PruebaJSP.xml]
19-Mar-2023 16:33:57.685 INFO [localhost-startStop-1] org.apache.catalina.startup.HostConfig.deployDescriptor Deployment of deployment descriptor [C:\Users\Lisan\OneDrive\Escritorio\Lisandro\Programación\apache-tomcat-8.5.87\conf\Catalina\localhost\PruebaJSP.xml] has finished in [218] ms
19-Mar-2023 16:33:57.685 INFO [localhost-startStop-1] org.apache.catalina.startup.HostConfig.deployDirectory Desplegando el directorio [C:\Users\Lisan\OneDrive\Escritorio\Lisandro\Programación\apache-tomcat-8.5.87\webapps\docs] de la aplicación web
19-Mar-2023 16:33:57.709 INFO [localhost-startStop-1] org.apache.catalina.startup.HostConfig.deployDirectory Deployment of web application directory [C:\Users\Lisan\OneDrive\Escritorio\Lisandro\Programación\apache-tomcat-8.5.87\webapps\docs] has finished in [24] ms
19-Mar-2023 16:33:57.709 INFO [localhost-startStop-1] org.apache.catalina.startup.HostConfig.deployDirectory Desplegando el directorio [C:\Users\Lisan\OneDrive\Escritorio\Lisandro\Programación\apache-tomcat-8.5.87\webapps\examples] de la aplicación web
19-Mar-2023 16:33:57.983 INFO [localhost-startStop-1] org.apache.catalina.startup.HostConfig.deployDirectory Deployment of web application directory [C:\Users\Lisan\OneDrive\Escritorio\Lisandro\Programación\apache-tomcat-8.5.87\webapps\examples] has finished in [274] ms
19-Mar-2023 16:33:57.984 INFO [localhost-startStop-1] org.apache.catalina.startup.HostConfig.deployDirectory Desplegando el directorio [C:\Users\Lisan\OneDrive\Escritorio\Lisandro\Programación\apache-tomcat-8.5.87\webapps\host-manager] de la aplicación web
19-Mar-2023 16:33:58.014 INFO [localhost-startStop-1] org.apache.catalina.startup.HostConfig.deployDirectory Deployment of web application directory [C:\Users\Lisan\OneDrive\Escritorio\Lisandro\Programación\apache-tomcat-8.5.87\webapps\host-manager] has finished in [30] ms
19-Mar-2023 16:33:58.014 INFO [localhost-startStop-1] org.apache.catalina.startup.HostConfig.deployDirectory Desplegando el directorio [C:\Users\Lisan\OneDrive\Escritorio\Lisandro\Programación\apache-tomcat-8.5.87\webapps\manager] de la aplicación web
19-Mar-2023 16:33:58.037 INFO [localhost-startStop-1] org.apache.catalina.startup.HostConfig.deployDirectory Deployment of web application directory [C:\Users\Lisan\OneDrive\Escritorio\Lisandro\Programación\apache-tomcat-8.5.87\webapps\manager] has finished in [23] ms
19-Mar-2023 16:33:58.037 INFO [localhost-startStop-1] org.apache.catalina.startup.HostConfig.deployDirectory Desplegando el directorio [C:\Users\Lisan\OneDrive\Escritorio\Lisandro\Programación\apache-tomcat-8.5.87\webapps\ROOT] de la aplicación web
19-Mar-2023 16:33:58.063 INFO [localhost-startStop-1] org.apache.catalina.startup.HostConfig.deployDirectory Deployment of web application directory [C:\Users\Lisan\OneDrive\Escritorio\Lisandro\Programación\apache-tomcat-8.5.87\webapps\ROOT] has finished in [25] ms
19-Mar-2023 16:33:58.065 INFO [main] org.apache.coyote.AbstractProtocol.start Starting ProtocolHandler ["http-nio-8080"]
19-Mar-2023 16:33:58.077 INFO [main] org.apache.catalina.startup.Catalina.start Server startup in 680 ms
19-Mar-2023 16:33:58.997 INFO [http-nio-8080-exec-7] org.apache.catalina.startup.HostConfig.undeploy Repliegue (undeploy) de la aplicación web que tiene como trayectoria de contexto [/PruebaJSP]
19-Mar-2023 16:33:59.013 INFO [http-nio-8080-exec-2] org.apache.catalina.startup.HostConfig.deployDescriptor Desplieque del descriptor de configuración [C:\Users\Lisan\OneDrive\Escritorio\Lisandro\Programación\apache-tomcat-8.5.87\conf\Catalina\localhost\PruebaJSP.xml]
19-Mar-2023 16:33:59.033 INFO [http-nio-8080-exec-2] org.apache.catalina.startup.HostConfig.deployDescriptor Deployment of deployment descriptor [C:\Users\Lisan\OneDrive\Escritorio\Lisandro\Programación\apache-tomcat-8.5.87\conf\Catalina\localhost\PruebaJSP.xml] has finished in [20] ms
19-Mar-2023 16:33:59.033 INFO [http-nio-8080-exec-10] org.apache.catalina.util.LifecycleBase.start The start() method was called on component [StandardEngine[Catalina].StandardHost[localhost].StandardContext[/PruebaJSP]] after start() had already been called. The second call will be ignored.
19-Mar-2023 16:35:55.094 INFO [http-nio-8080-exec-13] org.apache.catalina.startup.HostConfig.undeploy Repliegue (undeploy) de la aplicación web que tiene como trayectoria de contexto [/PruebaJSP]
19-Mar-2023 16:35:55.111 INFO [http-nio-8080-exec-12] org.apache.catalina.startup.HostConfig.deployDescriptor Desplieque del descriptor de configuración [C:\Users\Lisan\OneDrive\Escritorio\Lisandro\Programación\apache-tomcat-8.5.87\conf\Catalina\localhost\PruebaJSP.xml]
19-Mar-2023 16:35:55.152 INFO [http-nio-8080-exec-12] org.apache.catalina.startup.HostConfig.deployDescriptor Deployment of deployment descriptor [C:\Users\Lisan\OneDrive\Escritorio\Lisandro\Programación\apache-tomcat-8.5.87\conf\Catalina\localhost\PruebaJSP.xml] has finished in [41] ms
19-Mar-2023 16:35:55.152 INFO [http-nio-8080-exec-2] org.apache.catalina.util.LifecycleBase.start The start() method was called on component [StandardEngine[Catalina].StandardHost[localhost].StandardContext[/PruebaJSP]] after start() had already been called. The second call will be ignored.
19-Mar-2023 16:40:27.604 INFO [http-nio-8080-exec-18] org.apache.catalina.core.StandardContext.reload Ha comenzado la recarga de Contexto [/PruebaJSP]
19-Mar-2023 16:40:27.629 INFO [http-nio-8080-exec-18] org.apache.catalina.core.StandardContext.reload Se ha completado la recarga de este Contexto
19-Mar-2023 16:40:36.164 INFO [http-nio-8080-exec-25] org.apache.catalina.core.StandardContext.reload Ha comenzado la recarga de Contexto [/PruebaJSP]
19-Mar-2023 16:40:36.192 INFO [http-nio-8080-exec-25] org.apache.catalina.core.StandardContext.reload Se ha completado la recarga de este Contexto
19-Mar-2023 16:42:02.629 INFO [http-nio-8080-exec-24] org.apache.catalina.core.StandardContext.reload Ha comenzado la recarga de Contexto [/PruebaJSP]
19-Mar-2023 16:42:03.713 INFO [http-nio-8080-exec-24] org.apache.jasper.servlet.TldScanner.scanJars Al menos un JAR, que se ha explorado buscando TLDs, aún no contenía TLDs. Activar historial de depuración para este historiador para una completa lista de los JARs que fueron explorados y de los que nos se halló TLDs. Saltarse JARs no necesarios durante la exploración puede dar lugar a una mejora de tiempo significativa en el arranque y compilación de JSP .
19-Mar-2023 16:42:03.716 INFO [http-nio-8080-exec-24] org.apache.catalina.core.StandardContext.reload Se ha completado la recarga de este Contexto
19-Mar-2023 16:42:04.071 INFO [http-nio-8080-exec-25] org.apache.catalina.core.StandardContext.reload Ha comenzado la recarga de Contexto [/PruebaJSP]
19-Mar-2023 16:42:04.685 INFO [http-nio-8080-exec-25] org.apache.jasper.servlet.TldScanner.scanJars Al menos un JAR, que se ha explorado buscando TLDs, aún no contenía TLDs. Activar historial de depuración para este historiador para una completa lista de los JARs que fueron explorados y de los que nos se halló TLDs. Saltarse JARs no necesarios durante la exploración puede dar lugar a una mejora de tiempo significativa en el arranque y compilación de JSP .
19-Mar-2023 16:42:04.688 INFO [http-nio-8080-exec-25] org.apache.catalina.core.StandardContext.reload Se ha completado la recarga de este Contexto
19-Mar-2023 16:42:05.056 INFO [http-nio-8080-exec-23] org.apache.catalina.core.StandardContext.reload Ha comenzado la recarga de Contexto [/PruebaJSP]
19-Mar-2023 16:42:05.562 INFO [http-nio-8080-exec-23] org.apache.jasper.servlet.TldScanner.scanJars Al menos un JAR, que se ha explorado buscando TLDs, aún no contenía TLDs. Activar historial de depuración para este historiador para una completa lista de los JARs que fueron explorados y de los que nos se halló TLDs. Saltarse JARs no necesarios durante la exploración puede dar lugar a una mejora de tiempo significativa en el arranque y compilación de JSP .
19-Mar-2023 16:42:05.565 INFO [http-nio-8080-exec-23] org.apache.catalina.core.StandardContext.reload Se ha completado la recarga de este Contexto
19-Mar-2023 16:45:15.774 INFO [http-nio-8080-exec-35] org.apache.catalina.core.StandardContext.reload Ha comenzado la recarga de Contexto [/PruebaJSP]
19-Mar-2023 16:45:16.275 INFO [http-nio-8080-exec-35] org.apache.jasper.servlet.TldScanner.scanJars Al menos un JAR, que se ha explorado buscando TLDs, aún no contenía TLDs. Activar historial de depuración para este historiador para una completa lista de los JARs que fueron explorados y de los que nos se halló TLDs. Saltarse JARs no necesarios durante la exploración puede dar lugar a una mejora de tiempo significativa en el arranque y compilación de JSP .
19-Mar-2023 16:45:16.278 INFO [http-nio-8080-exec-35] org.apache.catalina.core.StandardContext.reload Se ha completado la recarga de este Contexto
19-Mar-2023 17:24:04.811 INFO [main] org.apache.catalina.core.StandardServer.await Se ha recibido un comando de apagado a través del puerto de apagado. Parando la instancia del Servidor.
19-Mar-2023 17:24:04.811 INFO [main] org.apache.coyote.AbstractProtocol.pause Pausing ProtocolHandler ["http-nio-8080"]
19-Mar-2023 17:24:04.817 INFO [main] org.apache.catalina.core.StandardService.stopInternal Parando servicio [Catalina]
19-Mar-2023 17:24:04.825 INFO [main] org.apache.coyote.AbstractProtocol.stop Stopping ProtocolHandler ["http-nio-8080"]
19-Mar-2023 17:24:04.830 INFO [main] org.apache.coyote.AbstractProtocol.destroy Destroying ProtocolHandler ["http-nio-8080"]
