14-Apr-2023 18:25:18.362 INFO [http-nio-8080-exec-4] org.apache.catalina.core.ApplicationContext.log Manager: init: Associated with Deployer 'Catalina:type=Deployer,host=localhost'
14-Apr-2023 18:25:18.362 INFO [http-nio-8080-exec-4] org.apache.catalina.core.ApplicationContext.log Manager: init: Global resources are available
14-Apr-2023 18:25:18.379 INFO [http-nio-8080-exec-8] org.apache.catalina.core.ApplicationContext.log Manager: list: Listing contexts for virtual host 'localhost'
14-Apr-2023 18:25:18.386 INFO [http-nio-8080-exec-9] org.apache.catalina.core.ApplicationContext.log Manager: undeploy: Undeploying web application at '/PruebaJSP'
14-Apr-2023 18:25:18.923 INFO [http-nio-8080-exec-5] org.apache.catalina.core.ApplicationContext.log Manager: install: Installing context configuration at 'file:/C:/Users/Lisan/AppData/Local/Temp/context17392022064857832886.xml'
14-Apr-2023 18:25:19.639 INFO [http-nio-8080-exec-10] org.apache.catalina.core.ApplicationContext.log Manager: start: Starting web application '/PruebaJSP'
14-Apr-2023 18:28:09.368 INFO [http-nio-8080-exec-2] org.apache.catalina.core.ApplicationContext.log Manager: init: Associated with Deployer 'Catalina:type=Deployer,host=localhost'
14-Apr-2023 18:28:09.368 INFO [http-nio-8080-exec-2] org.apache.catalina.core.ApplicationContext.log Manager: init: Global resources are available
14-Apr-2023 18:31:54.159 INFO [http-nio-8080-exec-9] org.apache.catalina.core.ApplicationContext.log Manager: list: Listing contexts for virtual host 'localhost'
14-Apr-2023 18:31:54.161 INFO [http-nio-8080-exec-1] org.apache.catalina.core.ApplicationContext.log Manager: list: Listing contexts for virtual host 'localhost'
14-Apr-2023 18:34:40.743 INFO [http-nio-8080-exec-2] org.apache.catalina.core.ApplicationContext.log Manager: init: Associated with Deployer 'Catalina:type=Deployer,host=localhost'
14-Apr-2023 18:34:40.743 INFO [http-nio-8080-exec-2] org.apache.catalina.core.ApplicationContext.log Manager: init: Global resources are available
14-Apr-2023 18:34:41.102 INFO [http-nio-8080-exec-7] org.apache.catalina.core.ApplicationContext.log Manager: list: Listing contexts for virtual host 'localhost'
14-Apr-2023 18:34:41.105 INFO [http-nio-8080-exec-9] org.apache.catalina.core.ApplicationContext.log Manager: list: Listing contexts for virtual host 'localhost'
14-Apr-2023 18:34:41.108 INFO [http-nio-8080-exec-3] org.apache.catalina.core.ApplicationContext.log Manager: undeploy: Undeploying web application at '/PruebaJSP'
14-Apr-2023 18:34:41.645 INFO [http-nio-8080-exec-10] org.apache.catalina.core.ApplicationContext.log Manager: install: Installing context configuration at 'file:/C:/Users/Lisan/AppData/Local/Temp/context5663250202749546702.xml'
14-Apr-2023 18:34:42.397 INFO [http-nio-8080-exec-9] org.apache.catalina.core.ApplicationContext.log Manager: start: Starting web application '/PruebaJSP'
14-Apr-2023 18:35:25.027 INFO [http-nio-8080-exec-17] org.apache.catalina.core.ApplicationContext.log Manager: list: Listing contexts for virtual host 'localhost'
14-Apr-2023 18:35:25.028 INFO [http-nio-8080-exec-4] org.apache.catalina.core.ApplicationContext.log Manager: list: Listing contexts for virtual host 'localhost'
14-Apr-2023 18:40:21.832 INFO [http-nio-8080-exec-12] org.apache.catalina.core.ApplicationContext.log Manager: list: Listing contexts for virtual host 'localhost'
14-Apr-2023 18:40:21.835 INFO [http-nio-8080-exec-14] org.apache.catalina.core.ApplicationContext.log Manager: restart: Reloading web application '/PruebaJSP'
14-Apr-2023 18:47:53.514 INFO [http-nio-8080-exec-23] org.apache.catalina.core.ApplicationContext.log Manager: list: Listing contexts for virtual host 'localhost'
14-Apr-2023 18:47:53.516 INFO [http-nio-8080-exec-24] org.apache.catalina.core.ApplicationContext.log Manager: restart: Reloading web application '/PruebaJSP'
14-Apr-2023 18:51:43.068 INFO [http-nio-8080-exec-26] org.apache.catalina.core.ApplicationContext.log Manager: list: Listing contexts for virtual host 'localhost'
14-Apr-2023 18:51:43.072 INFO [http-nio-8080-exec-33] org.apache.catalina.core.ApplicationContext.log Manager: restart: Reloading web application '/PruebaJSP'
14-Apr-2023 18:53:47.644 INFO [http-nio-8080-exec-32] org.apache.catalina.core.ApplicationContext.log Manager: list: Listing contexts for virtual host 'localhost'
14-Apr-2023 18:53:47.647 INFO [http-nio-8080-exec-36] org.apache.catalina.core.ApplicationContext.log Manager: restart: Reloading web application '/PruebaJSP'
14-Apr-2023 18:54:21.804 INFO [http-nio-8080-exec-32] org.apache.catalina.core.ApplicationContext.log Manager: list: Listing contexts for virtual host 'localhost'
14-Apr-2023 18:54:21.804 INFO [http-nio-8080-exec-36] org.apache.catalina.core.ApplicationContext.log Manager: list: Listing contexts for virtual host 'localhost'
14-Apr-2023 18:54:21.804 INFO [http-nio-8080-exec-35] org.apache.catalina.core.ApplicationContext.log Manager: restart: Reloading web application '/PruebaJSP'
14-Apr-2023 18:59:20.146 INFO [http-nio-8080-exec-40] org.apache.catalina.core.ApplicationContext.log Manager: list: Listing contexts for virtual host 'localhost'
14-Apr-2023 18:59:20.148 INFO [http-nio-8080-exec-41] org.apache.catalina.core.ApplicationContext.log Manager: restart: Reloading web application '/PruebaJSP'
14-Apr-2023 19:04:59.743 INFO [http-nio-8080-exec-48] org.apache.catalina.core.ApplicationContext.log Manager: list: Listing contexts for virtual host 'localhost'
14-Apr-2023 19:04:59.747 INFO [http-nio-8080-exec-49] org.apache.catalina.core.ApplicationContext.log Manager: restart: Reloading web application '/PruebaJSP'
14-Apr-2023 19:07:28.836 INFO [http-nio-8080-exec-36] org.apache.catalina.core.ApplicationContext.log Manager: list: Listing contexts for virtual host 'localhost'
14-Apr-2023 19:07:28.837 INFO [http-nio-8080-exec-53] org.apache.catalina.core.ApplicationContext.log Manager: list: Listing contexts for virtual host 'localhost'
14-Apr-2023 19:07:28.840 INFO [http-nio-8080-exec-51] org.apache.catalina.core.ApplicationContext.log Manager: restart: Reloading web application '/PruebaJSP'
14-Apr-2023 19:15:18.185 INFO [http-nio-8080-exec-57] org.apache.catalina.core.ApplicationContext.log Manager: list: Listing contexts for virtual host 'localhost'
14-Apr-2023 19:15:18.188 INFO [http-nio-8080-exec-58] org.apache.catalina.core.ApplicationContext.log Manager: restart: Reloading web application '/PruebaJSP'
14-Apr-2023 19:16:14.194 INFO [http-nio-8080-exec-62] org.apache.catalina.core.ApplicationContext.log Manager: list: Listing contexts for virtual host 'localhost'
14-Apr-2023 19:16:14.248 INFO [http-nio-8080-exec-60] org.apache.catalina.core.ApplicationContext.log Manager: list: Listing contexts for virtual host 'localhost'
14-Apr-2023 19:16:14.371 INFO [http-nio-8080-exec-64] org.apache.catalina.core.ApplicationContext.log Manager: list: Listing contexts for virtual host 'localhost'
14-Apr-2023 19:16:14.374 INFO [http-nio-8080-exec-57] org.apache.catalina.core.ApplicationContext.log Manager: restart: Reloading web application '/PruebaJSP'
14-Apr-2023 19:17:01.191 INFO [http-nio-8080-exec-60] org.apache.catalina.core.ApplicationContext.log Manager: list: Listing contexts for virtual host 'localhost'
14-Apr-2023 19:17:01.191 INFO [http-nio-8080-exec-65] org.apache.catalina.core.ApplicationContext.log Manager: restart: Reloading web application '/PruebaJSP'
14-Apr-2023 19:17:02.196 INFO [http-nio-8080-exec-61] org.apache.catalina.core.ApplicationContext.log Manager: list: Listing contexts for virtual host 'localhost'
14-Apr-2023 19:17:02.198 INFO [http-nio-8080-exec-57] org.apache.catalina.core.ApplicationContext.log Manager: restart: Reloading web application '/PruebaJSP'
14-Apr-2023 19:23:49.362 INFO [http-nio-8080-exec-70] org.apache.catalina.core.ApplicationContext.log Manager: list: Listing contexts for virtual host 'localhost'
14-Apr-2023 19:23:49.365 INFO [http-nio-8080-exec-72] org.apache.catalina.core.ApplicationContext.log Manager: restart: Reloading web application '/PruebaJSP'
14-Apr-2023 19:23:50.374 INFO [http-nio-8080-exec-56] org.apache.catalina.core.ApplicationContext.log Manager: list: Listing contexts for virtual host 'localhost'
14-Apr-2023 19:23:50.376 INFO [http-nio-8080-exec-63] org.apache.catalina.core.ApplicationContext.log Manager: restart: Reloading web application '/PruebaJSP'
14-Apr-2023 19:24:33.077 INFO [http-nio-8080-exec-76] org.apache.catalina.core.ApplicationContext.log Manager: list: Listing contexts for virtual host 'localhost'
14-Apr-2023 19:24:33.079 INFO [http-nio-8080-exec-63] org.apache.catalina.core.ApplicationContext.log Manager: list: Listing contexts for virtual host 'localhost'
14-Apr-2023 19:24:33.081 INFO [http-nio-8080-exec-74] org.apache.catalina.core.ApplicationContext.log Manager: restart: Reloading web application '/PruebaJSP'
14-Apr-2023 19:25:19.641 INFO [http-nio-8080-exec-80] org.apache.catalina.core.ApplicationContext.log Manager: list: Listing contexts for virtual host 'localhost'
14-Apr-2023 19:25:19.642 INFO [http-nio-8080-exec-72] org.apache.catalina.core.ApplicationContext.log Manager: list: Listing contexts for virtual host 'localhost'
14-Apr-2023 19:26:43.230 INFO [http-nio-8080-exec-78] org.apache.catalina.core.ApplicationContext.log Manager: list: Listing contexts for virtual host 'localhost'
14-Apr-2023 19:26:43.231 INFO [http-nio-8080-exec-83] org.apache.catalina.core.ApplicationContext.log Manager: list: Listing contexts for virtual host 'localhost'
14-Apr-2023 19:30:06.825 INFO [http-nio-8080-exec-82] org.apache.catalina.core.ApplicationContext.log Manager: list: Listing contexts for virtual host 'localhost'
14-Apr-2023 19:30:06.827 INFO [http-nio-8080-exec-85] org.apache.catalina.core.ApplicationContext.log Manager: list: Listing contexts for virtual host 'localhost'
14-Apr-2023 19:31:38.613 INFO [http-nio-8080-exec-85] org.apache.catalina.core.ApplicationContext.log Manager: list: Listing contexts for virtual host 'localhost'
14-Apr-2023 19:31:38.614 INFO [http-nio-8080-exec-81] org.apache.catalina.core.ApplicationContext.log Manager: list: Listing contexts for virtual host 'localhost'
14-Apr-2023 19:31:44.298 INFO [http-nio-8080-exec-79] org.apache.catalina.core.ApplicationContext.log Manager: list: Listing contexts for virtual host 'localhost'
14-Apr-2023 19:31:44.300 INFO [http-nio-8080-exec-81] org.apache.catalina.core.ApplicationContext.log Manager: list: Listing contexts for virtual host 'localhost'
14-Apr-2023 19:32:34.992 INFO [http-nio-8080-exec-80] org.apache.catalina.core.ApplicationContext.log Manager: list: Listing contexts for virtual host 'localhost'
14-Apr-2023 19:32:34.992 INFO [http-nio-8080-exec-78] org.apache.catalina.core.ApplicationContext.log Manager: list: Listing contexts for virtual host 'localhost'
14-Apr-2023 19:32:50.767 INFO [http-nio-8080-exec-85] org.apache.catalina.core.ApplicationContext.log Manager: list: Listing contexts for virtual host 'localhost'
14-Apr-2023 19:32:50.769 INFO [http-nio-8080-exec-82] org.apache.catalina.core.ApplicationContext.log Manager: list: Listing contexts for virtual host 'localhost'
14-Apr-2023 19:33:18.476 INFO [http-nio-8080-exec-83] org.apache.catalina.core.ApplicationContext.log Manager: list: Listing contexts for virtual host 'localhost'
14-Apr-2023 19:33:18.492 INFO [http-nio-8080-exec-79] org.apache.catalina.core.ApplicationContext.log Manager: list: Listing contexts for virtual host 'localhost'
14-Apr-2023 19:34:44.853 INFO [http-nio-8080-exec-84] org.apache.catalina.core.ApplicationContext.log Manager: list: Listing contexts for virtual host 'localhost'
14-Apr-2023 19:34:44.854 INFO [http-nio-8080-exec-81] org.apache.catalina.core.ApplicationContext.log Manager: list: Listing contexts for virtual host 'localhost'
14-Apr-2023 19:40:44.551 INFO [http-nio-8080-exec-81] org.apache.catalina.core.ApplicationContext.log Manager: list: Listing contexts for virtual host 'localhost'
14-Apr-2023 19:40:44.551 INFO [http-nio-8080-exec-87] org.apache.catalina.core.ApplicationContext.log Manager: list: Listing contexts for virtual host 'localhost'
14-Apr-2023 19:42:22.835 INFO [http-nio-8080-exec-80] org.apache.catalina.core.ApplicationContext.log Manager: list: Listing contexts for virtual host 'localhost'
14-Apr-2023 19:42:22.838 INFO [http-nio-8080-exec-85] org.apache.catalina.core.ApplicationContext.log Manager: undeploy: Undeploying web application at '/PruebaJSP'
14-Apr-2023 19:57:09.129 INFO [http-nio-8080-exec-89] org.apache.catalina.core.ApplicationContext.log Manager: list: Listing contexts for virtual host 'localhost'
14-Apr-2023 19:57:09.129 INFO [http-nio-8080-exec-95] org.apache.catalina.core.ApplicationContext.log Manager: list: Listing contexts for virtual host 'localhost'
14-Apr-2023 19:57:09.139 INFO [http-nio-8080-exec-96] org.apache.catalina.core.ApplicationContext.log Manager: install: Installing context configuration at 'file:/C:/Users/Lisan/AppData/Local/Temp/context12069576774317970493.xml'
14-Apr-2023 19:57:09.177 INFO [http-nio-8080-exec-97] org.apache.catalina.core.ApplicationContext.log Manager: start: Starting web application '/PruebaJSP'
14-Apr-2023 20:01:38.375 INFO [http-nio-8080-exec-95] org.apache.catalina.core.ApplicationContext.log Manager: list: Listing contexts for virtual host 'localhost'
14-Apr-2023 20:01:38.378 INFO [http-nio-8080-exec-96] org.apache.catalina.core.ApplicationContext.log Manager: restart: Reloading web application '/PruebaJSP'
14-Apr-2023 20:01:38.429 INFO [http-nio-8080-exec-95] org.apache.catalina.core.ApplicationContext.log Manager: list: Listing contexts for virtual host 'localhost'
14-Apr-2023 20:01:38.437 INFO [http-nio-8080-exec-89] org.apache.catalina.core.ApplicationContext.log Manager: restart: Reloading web application '/PruebaJSP'
14-Apr-2023 20:05:14.343 INFO [http-nio-8080-exec-94] org.apache.catalina.core.ApplicationContext.log Manager: list: Listing contexts for virtual host 'localhost'
14-Apr-2023 20:08:31.501 INFO [http-nio-8080-exec-102] org.apache.catalina.core.ApplicationContext.log Manager: list: Listing contexts for virtual host 'localhost'
14-Apr-2023 20:08:31.503 INFO [http-nio-8080-exec-101] org.apache.catalina.core.ApplicationContext.log Manager: restart: Reloading web application '/PruebaJSP'
14-Apr-2023 20:08:31.624 INFO [http-nio-8080-exec-99] org.apache.catalina.core.ApplicationContext.log Manager: list: Listing contexts for virtual host 'localhost'
14-Apr-2023 20:08:31.626 INFO [http-nio-8080-exec-102] org.apache.catalina.core.ApplicationContext.log Manager: restart: Reloading web application '/PruebaJSP'
14-Apr-2023 20:09:51.220 INFO [http-nio-8080-exec-103] org.apache.catalina.core.ApplicationContext.log Manager: list: Listing contexts for virtual host 'localhost'
14-Apr-2023 20:09:51.220 INFO [http-nio-8080-exec-106] org.apache.catalina.core.ApplicationContext.log Manager: restart: Reloading web application '/PruebaJSP'
14-Apr-2023 20:09:52.565 INFO [http-nio-8080-exec-108] org.apache.catalina.core.ApplicationContext.log Manager: list: Listing contexts for virtual host 'localhost'
14-Apr-2023 20:09:52.570 INFO [http-nio-8080-exec-104] org.apache.catalina.core.ApplicationContext.log Manager: restart: Reloading web application '/PruebaJSP'
14-Apr-2023 20:10:17.928 INFO [http-nio-8080-exec-100] org.apache.catalina.core.ApplicationContext.log Manager: list: Listing contexts for virtual host 'localhost'
14-Apr-2023 20:10:17.938 INFO [http-nio-8080-exec-99] org.apache.catalina.core.ApplicationContext.log Manager: restart: Reloading web application '/PruebaJSP'
14-Apr-2023 20:14:24.129 INFO [http-nio-8080-exec-113] org.apache.catalina.core.ApplicationContext.log Manager: list: Listing contexts for virtual host 'localhost'
14-Apr-2023 20:14:24.131 INFO [http-nio-8080-exec-115] org.apache.catalina.core.ApplicationContext.log Manager: restart: Reloading web application '/PruebaJSP'
14-Apr-2023 20:14:43.871 INFO [http-nio-8080-exec-103] org.apache.catalina.core.ApplicationContext.log Manager: list: Listing contexts for virtual host 'localhost'
14-Apr-2023 20:14:43.873 INFO [http-nio-8080-exec-110] org.apache.catalina.core.ApplicationContext.log Manager: restart: Reloading web application '/PruebaJSP'
14-Apr-2023 20:22:17.590 INFO [http-nio-8080-exec-119] org.apache.catalina.core.ApplicationContext.log Manager: list: Listing contexts for virtual host 'localhost'
14-Apr-2023 20:22:17.590 INFO [http-nio-8080-exec-120] org.apache.catalina.core.ApplicationContext.log Manager: restart: Reloading web application '/PruebaJSP'
14-Apr-2023 20:23:45.590 INFO [http-nio-8080-exec-119] org.apache.catalina.core.ApplicationContext.log Manager: list: Listing contexts for virtual host 'localhost'
14-Apr-2023 20:23:45.592 INFO [http-nio-8080-exec-117] org.apache.catalina.core.ApplicationContext.log Manager: restart: Reloading web application '/PruebaJSP'
14-Apr-2023 20:23:46.402 INFO [http-nio-8080-exec-122] org.apache.catalina.core.ApplicationContext.log Manager: list: Listing contexts for virtual host 'localhost'
14-Apr-2023 20:23:46.405 INFO [http-nio-8080-exec-119] org.apache.catalina.core.ApplicationContext.log Manager: restart: Reloading web application '/PruebaJSP'
14-Apr-2023 20:24:58.445 INFO [http-nio-8080-exec-129] org.apache.catalina.core.ApplicationContext.log Manager: list: Listing contexts for virtual host 'localhost'
14-Apr-2023 20:24:58.448 INFO [http-nio-8080-exec-125] org.apache.catalina.core.ApplicationContext.log Manager: restart: Reloading web application '/PruebaJSP'
14-Apr-2023 20:24:59.254 INFO [http-nio-8080-exec-122] org.apache.catalina.core.ApplicationContext.log Manager: list: Listing contexts for virtual host 'localhost'
14-Apr-2023 20:24:59.257 INFO [http-nio-8080-exec-120] org.apache.catalina.core.ApplicationContext.log Manager: restart: Reloading web application '/PruebaJSP'
14-Apr-2023 20:26:32.645 INFO [http-nio-8080-exec-128] org.apache.catalina.core.ApplicationContext.log Manager: list: Listing contexts for virtual host 'localhost'
14-Apr-2023 20:26:32.647 INFO [http-nio-8080-exec-123] org.apache.catalina.core.ApplicationContext.log Manager: restart: Reloading web application '/PruebaJSP'
14-Apr-2023 20:26:40.862 INFO [http-nio-8080-exec-131] org.apache.catalina.core.ApplicationContext.log Manager: list: Listing contexts for virtual host 'localhost'
14-Apr-2023 20:26:40.865 INFO [http-nio-8080-exec-127] org.apache.catalina.core.ApplicationContext.log Manager: restart: Reloading web application '/PruebaJSP'
14-Apr-2023 20:28:07.800 INFO [http-nio-8080-exec-131] org.apache.catalina.core.ApplicationContext.log Manager: list: Listing contexts for virtual host 'localhost'
14-Apr-2023 20:28:07.803 INFO [http-nio-8080-exec-133] org.apache.catalina.core.ApplicationContext.log Manager: restart: Reloading web application '/PruebaJSP'
14-Apr-2023 20:30:15.414 INFO [http-nio-8080-exec-138] org.apache.catalina.core.ApplicationContext.log Manager: list: Listing contexts for virtual host 'localhost'
14-Apr-2023 20:30:15.416 INFO [http-nio-8080-exec-128] org.apache.catalina.core.ApplicationContext.log Manager: restart: Reloading web application '/PruebaJSP'
14-Apr-2023 20:30:31.127 INFO [http-nio-8080-exec-137] org.apache.catalina.core.ApplicationContext.log Manager: list: Listing contexts for virtual host 'localhost'
14-Apr-2023 20:30:31.130 INFO [http-nio-8080-exec-136] org.apache.catalina.core.ApplicationContext.log Manager: restart: Reloading web application '/PruebaJSP'
14-Apr-2023 20:31:29.357 INFO [http-nio-8080-exec-137] org.apache.catalina.core.ApplicationContext.log Manager: list: Listing contexts for virtual host 'localhost'
14-Apr-2023 20:31:29.360 INFO [http-nio-8080-exec-128] org.apache.catalina.core.ApplicationContext.log Manager: restart: Reloading web application '/PruebaJSP'
14-Apr-2023 20:32:27.792 INFO [http-nio-8080-exec-138] org.apache.catalina.core.ApplicationContext.log Manager: list: Listing contexts for virtual host 'localhost'
14-Apr-2023 20:32:27.794 INFO [http-nio-8080-exec-136] org.apache.catalina.core.ApplicationContext.log Manager: restart: Reloading web application '/PruebaJSP'
14-Apr-2023 20:34:37.688 INFO [http-nio-8080-exec-129] org.apache.catalina.core.ApplicationContext.log Manager: list: Listing contexts for virtual host 'localhost'
14-Apr-2023 20:34:37.691 INFO [http-nio-8080-exec-128] org.apache.catalina.core.ApplicationContext.log Manager: restart: Reloading web application '/PruebaJSP'
14-Apr-2023 20:35:25.659 INFO [http-nio-8080-exec-144] org.apache.catalina.core.ApplicationContext.log Manager: list: Listing contexts for virtual host 'localhost'
14-Apr-2023 20:35:25.662 INFO [http-nio-8080-exec-129] org.apache.catalina.core.ApplicationContext.log Manager: restart: Reloading web application '/PruebaJSP'
14-Apr-2023 20:35:26.478 INFO [http-nio-8080-exec-139] org.apache.catalina.core.ApplicationContext.log Manager: list: Listing contexts for virtual host 'localhost'
14-Apr-2023 20:35:26.479 INFO [http-nio-8080-exec-142] org.apache.catalina.core.ApplicationContext.log Manager: restart: Reloading web application '/PruebaJSP'
14-Apr-2023 20:35:26.479 SEVERE [http-nio-8080-exec-142] org.apache.catalina.core.ApplicationContext.log Manager: ManagerServlet.reload[/PruebaJSP]
	java.lang.IllegalStateException: Aún no se ha arrancado el Contexto [/PruebaJSP]
		at org.apache.catalina.core.StandardContext.reload(StandardContext.java:3557)
		at org.apache.catalina.manager.ManagerServlet.reload(ManagerServlet.java:1101)
		at org.apache.catalina.manager.ManagerServlet.doGet(ManagerServlet.java:362)
		at javax.servlet.http.HttpServlet.service(HttpServlet.java:488)
		at javax.servlet.http.HttpServlet.service(HttpServlet.java:582)
		at org.apache.catalina.core.ApplicationFilterChain.internalDoFilter(ApplicationFilterChain.java:212)
		at org.apache.catalina.core.ApplicationFilterChain.doFilter(ApplicationFilterChain.java:156)
		at org.apache.tomcat.websocket.server.WsFilter.doFilter(WsFilter.java:52)
		at org.apache.catalina.core.ApplicationFilterChain.internalDoFilter(ApplicationFilterChain.java:181)
		at org.apache.catalina.core.ApplicationFilterChain.doFilter(ApplicationFilterChain.java:156)
		at org.apache.catalina.filters.HttpHeaderSecurityFilter.doFilter(HttpHeaderSecurityFilter.java:126)
		at org.apache.catalina.core.ApplicationFilterChain.internalDoFilter(ApplicationFilterChain.java:181)
		at org.apache.catalina.core.ApplicationFilterChain.doFilter(ApplicationFilterChain.java:156)
		at org.apache.catalina.filters.SetCharacterEncodingFilter.doFilter(SetCharacterEncodingFilter.java:115)
		at org.apache.catalina.core.ApplicationFilterChain.internalDoFilter(ApplicationFilterChain.java:181)
		at org.apache.catalina.core.ApplicationFilterChain.doFilter(ApplicationFilterChain.java:156)
		at org.apache.catalina.core.StandardWrapperValve.invoke(StandardWrapperValve.java:167)
		at org.apache.catalina.core.StandardContextValve.invoke(StandardContextValve.java:90)
		at org.apache.catalina.authenticator.AuthenticatorBase.invoke(AuthenticatorBase.java:609)
		at org.apache.catalina.valves.RequestFilterValve.process(RequestFilterValve.java:355)
		at org.apache.catalina.valves.RemoteAddrValve.invoke(RemoteAddrValve.java:54)
		at org.apache.catalina.core.StandardHostValve.invoke(StandardHostValve.java:130)
		at org.apache.catalina.valves.ErrorReportValve.invoke(ErrorReportValve.java:93)
		at org.apache.catalina.valves.AbstractAccessLogValve.invoke(AbstractAccessLogValve.java:682)
		at org.apache.catalina.core.StandardEngineValve.invoke(StandardEngineValve.java:74)
		at org.apache.catalina.connector.CoyoteAdapter.service(CoyoteAdapter.java:343)
		at org.apache.coyote.http11.Http11Processor.service(Http11Processor.java:617)
		at org.apache.coyote.AbstractProcessorLight.process(AbstractProcessorLight.java:63)
		at org.apache.coyote.AbstractProtocol$ConnectionHandler.process(AbstractProtocol.java:932)
		at org.apache.tomcat.util.net.NioEndpoint$SocketProcessor.doRun(NioEndpoint.java:1695)
		at org.apache.tomcat.util.net.SocketProcessorBase.run(SocketProcessorBase.java:49)
		at org.apache.tomcat.util.threads.ThreadPoolExecutor.runWorker(ThreadPoolExecutor.java:1191)
		at org.apache.tomcat.util.threads.ThreadPoolExecutor$Worker.run(ThreadPoolExecutor.java:659)
		at org.apache.tomcat.util.threads.TaskThread$WrappingRunnable.run(TaskThread.java:61)
		at java.base/java.lang.Thread.run(Thread.java:1589)
14-Apr-2023 20:37:51.474 INFO [http-nio-8080-exec-146] org.apache.catalina.core.ApplicationContext.log Manager: list: Listing contexts for virtual host 'localhost'
14-Apr-2023 20:37:51.475 INFO [http-nio-8080-exec-149] org.apache.catalina.core.ApplicationContext.log Manager: list: Listing contexts for virtual host 'localhost'
14-Apr-2023 20:37:51.475 INFO [http-nio-8080-exec-148] org.apache.catalina.core.ApplicationContext.log Manager: undeploy: Undeploying web application at '/PruebaJSP'
14-Apr-2023 20:37:51.990 INFO [http-nio-8080-exec-140] org.apache.catalina.core.ApplicationContext.log Manager: install: Installing context configuration at 'file:/C:/Users/Lisan/AppData/Local/Temp/context6670880223414146402.xml'
14-Apr-2023 20:38:32.311 INFO [http-nio-8080-exec-152] org.apache.catalina.core.ApplicationContext.log Manager: list: Listing contexts for virtual host 'localhost'
14-Apr-2023 20:38:32.311 INFO [http-nio-8080-exec-147] org.apache.catalina.core.ApplicationContext.log Manager: list: Listing contexts for virtual host 'localhost'
14-Apr-2023 20:38:32.313 INFO [http-nio-8080-exec-148] org.apache.catalina.core.ApplicationContext.log Manager: undeploy: Undeploying web application at '/PruebaJSP'
14-Apr-2023 20:38:32.833 INFO [http-nio-8080-exec-147] org.apache.catalina.core.ApplicationContext.log Manager: install: Installing context configuration at 'file:/C:/Users/Lisan/AppData/Local/Temp/context17491081533085982238.xml'
14-Apr-2023 20:40:23.838 INFO [http-nio-8080-exec-153] org.apache.catalina.core.ApplicationContext.log Manager: list: Listing contexts for virtual host 'localhost'
14-Apr-2023 20:40:23.838 INFO [http-nio-8080-exec-156] org.apache.catalina.core.ApplicationContext.log Manager: list: Listing contexts for virtual host 'localhost'
14-Apr-2023 20:40:23.841 INFO [http-nio-8080-exec-155] org.apache.catalina.core.ApplicationContext.log Manager: undeploy: Undeploying web application at '/PruebaJSP'
14-Apr-2023 20:40:24.353 INFO [http-nio-8080-exec-133] org.apache.catalina.core.ApplicationContext.log Manager: install: Installing context configuration at 'file:/C:/Users/Lisan/AppData/Local/Temp/context17610260892733335912.xml'
14-Apr-2023 20:41:10.768 INFO [http-nio-8080-exec-159] org.apache.catalina.core.ApplicationContext.log Manager: list: Listing contexts for virtual host 'localhost'
14-Apr-2023 20:41:10.769 INFO [http-nio-8080-exec-148] org.apache.catalina.core.ApplicationContext.log Manager: list: Listing contexts for virtual host 'localhost'
14-Apr-2023 20:41:10.772 INFO [http-nio-8080-exec-143] org.apache.catalina.core.ApplicationContext.log Manager: undeploy: Undeploying web application at '/PruebaJSP'
14-Apr-2023 20:41:11.314 INFO [http-nio-8080-exec-158] org.apache.catalina.core.ApplicationContext.log Manager: install: Installing context configuration at 'file:/C:/Users/Lisan/AppData/Local/Temp/context17839613687464449909.xml'
14-Apr-2023 20:42:56.506 INFO [http-nio-8080-exec-143] org.apache.catalina.core.ApplicationContext.log Manager: list: Listing contexts for virtual host 'localhost'
14-Apr-2023 20:42:56.507 INFO [http-nio-8080-exec-148] org.apache.catalina.core.ApplicationContext.log Manager: list: Listing contexts for virtual host 'localhost'
14-Apr-2023 20:42:56.510 INFO [http-nio-8080-exec-162] org.apache.catalina.core.ApplicationContext.log Manager: undeploy: Undeploying web application at '/PruebaJSP'
14-Apr-2023 20:42:57.026 INFO [http-nio-8080-exec-161] org.apache.catalina.core.ApplicationContext.log Manager: install: Installing context configuration at 'file:/C:/Users/Lisan/AppData/Local/Temp/context4696798447058126985.xml'
14-Apr-2023 20:44:06.820 INFO [http-nio-8080-exec-164] org.apache.catalina.core.ApplicationContext.log Manager: list: Listing contexts for virtual host 'localhost'
14-Apr-2023 20:44:06.820 INFO [http-nio-8080-exec-159] org.apache.catalina.core.ApplicationContext.log Manager: list: Listing contexts for virtual host 'localhost'
14-Apr-2023 20:44:06.823 INFO [http-nio-8080-exec-166] org.apache.catalina.core.ApplicationContext.log Manager: undeploy: Undeploying web application at '/PruebaJSP'
14-Apr-2023 20:44:07.344 INFO [http-nio-8080-exec-162] org.apache.catalina.core.ApplicationContext.log Manager: install: Installing context configuration at 'file:/C:/Users/Lisan/AppData/Local/Temp/context15383506071333468786.xml'
14-Apr-2023 20:46:08.226 INFO [http-nio-8080-exec-168] org.apache.catalina.core.ApplicationContext.log Manager: list: Listing contexts for virtual host 'localhost'
14-Apr-2023 20:46:08.227 INFO [http-nio-8080-exec-164] org.apache.catalina.core.ApplicationContext.log Manager: list: Listing contexts for virtual host 'localhost'
14-Apr-2023 20:46:08.229 INFO [http-nio-8080-exec-171] org.apache.catalina.core.ApplicationContext.log Manager: undeploy: Undeploying web application at '/PruebaJSP'
14-Apr-2023 20:46:08.742 INFO [http-nio-8080-exec-168] org.apache.catalina.core.ApplicationContext.log Manager: install: Installing context configuration at 'file:/C:/Users/Lisan/AppData/Local/Temp/context2978966665958153665.xml'
14-Apr-2023 20:47:03.371 INFO [http-nio-8080-exec-175] org.apache.catalina.core.ApplicationContext.log Manager: list: Listing contexts for virtual host 'localhost'
14-Apr-2023 20:47:03.371 INFO [http-nio-8080-exec-172] org.apache.catalina.core.ApplicationContext.log Manager: list: Listing contexts for virtual host 'localhost'
14-Apr-2023 20:47:03.374 INFO [http-nio-8080-exec-173] org.apache.catalina.core.ApplicationContext.log Manager: undeploy: Undeploying web application at '/PruebaJSP'
14-Apr-2023 20:47:03.887 INFO [http-nio-8080-exec-175] org.apache.catalina.core.ApplicationContext.log Manager: install: Installing context configuration at 'file:/C:/Users/Lisan/AppData/Local/Temp/context7629450835561624862.xml'
14-Apr-2023 20:47:26.135 INFO [http-nio-8080-exec-178] org.apache.catalina.core.ApplicationContext.log Manager: list: Listing contexts for virtual host 'localhost'
14-Apr-2023 20:47:26.136 INFO [http-nio-8080-exec-172] org.apache.catalina.core.ApplicationContext.log Manager: list: Listing contexts for virtual host 'localhost'
14-Apr-2023 20:47:26.138 INFO [http-nio-8080-exec-176] org.apache.catalina.core.ApplicationContext.log Manager: undeploy: Undeploying web application at '/PruebaJSP'
14-Apr-2023 20:47:26.660 INFO [http-nio-8080-exec-173] org.apache.catalina.core.ApplicationContext.log Manager: install: Installing context configuration at 'file:/C:/Users/Lisan/AppData/Local/Temp/context5428238029027197047.xml'
14-Apr-2023 20:47:35.746 INFO [http-nio-8080-exec-180] org.apache.catalina.core.ApplicationContext.log Manager: list: Listing contexts for virtual host 'localhost'
14-Apr-2023 20:47:35.746 INFO [http-nio-8080-exec-165] org.apache.catalina.core.ApplicationContext.log Manager: list: Listing contexts for virtual host 'localhost'
14-Apr-2023 20:47:35.751 INFO [http-nio-8080-exec-150] org.apache.catalina.core.ApplicationContext.log Manager: undeploy: Undeploying web application at '/PruebaJSP'
14-Apr-2023 20:47:36.270 INFO [http-nio-8080-exec-178] org.apache.catalina.core.ApplicationContext.log Manager: install: Installing context configuration at 'file:/C:/Users/Lisan/AppData/Local/Temp/context7223257009982165091.xml'
14-Apr-2023 20:51:11.386 INFO [http-nio-8080-exec-181] org.apache.catalina.core.ApplicationContext.log Manager: list: Listing contexts for virtual host 'localhost'
14-Apr-2023 20:51:11.387 INFO [http-nio-8080-exec-186] org.apache.catalina.core.ApplicationContext.log Manager: list: Listing contexts for virtual host 'localhost'
14-Apr-2023 20:51:11.388 INFO [http-nio-8080-exec-185] org.apache.catalina.core.ApplicationContext.log Manager: undeploy: Undeploying web application at '/PruebaJSP'
14-Apr-2023 20:51:11.903 INFO [http-nio-8080-exec-164] org.apache.catalina.core.ApplicationContext.log Manager: install: Installing context configuration at 'file:/C:/Users/Lisan/AppData/Local/Temp/context16249569515965086786.xml'
14-Apr-2023 20:52:54.592 INFO [http-nio-8080-exec-188] org.apache.catalina.core.ApplicationContext.log Manager: list: Listing contexts for virtual host 'localhost'
14-Apr-2023 20:52:54.594 INFO [http-nio-8080-exec-183] org.apache.catalina.core.ApplicationContext.log Manager: list: Listing contexts for virtual host 'localhost'
14-Apr-2023 20:52:54.595 INFO [http-nio-8080-exec-189] org.apache.catalina.core.ApplicationContext.log Manager: undeploy: Undeploying web application at '/PruebaJSP'
14-Apr-2023 20:52:55.113 INFO [http-nio-8080-exec-188] org.apache.catalina.core.ApplicationContext.log Manager: install: Installing context configuration at 'file:/C:/Users/Lisan/AppData/Local/Temp/context10447340242548577440.xml'
14-Apr-2023 20:54:03.418 INFO [http-nio-8080-exec-187] org.apache.catalina.core.ApplicationContext.log Manager: list: Listing contexts for virtual host 'localhost'
14-Apr-2023 20:54:03.419 INFO [http-nio-8080-exec-150] org.apache.catalina.core.ApplicationContext.log Manager: list: Listing contexts for virtual host 'localhost'
14-Apr-2023 20:54:03.422 INFO [http-nio-8080-exec-193] org.apache.catalina.core.ApplicationContext.log Manager: undeploy: Undeploying web application at '/PruebaJSP'
14-Apr-2023 20:54:03.947 INFO [http-nio-8080-exec-190] org.apache.catalina.core.ApplicationContext.log Manager: install: Installing context configuration at 'file:/C:/Users/Lisan/AppData/Local/Temp/context7295059624319925041.xml'
14-Apr-2023 20:54:19.823 INFO [http-nio-8080-exec-196] org.apache.catalina.core.ApplicationContext.log Manager: list: Listing contexts for virtual host 'localhost'
14-Apr-2023 20:54:19.823 INFO [http-nio-8080-exec-189] org.apache.catalina.core.ApplicationContext.log Manager: list: Listing contexts for virtual host 'localhost'
14-Apr-2023 20:54:19.830 INFO [http-nio-8080-exec-192] org.apache.catalina.core.ApplicationContext.log Manager: undeploy: Undeploying web application at '/PruebaJSP'
14-Apr-2023 20:54:20.346 INFO [http-nio-8080-exec-191] org.apache.catalina.core.ApplicationContext.log Manager: install: Installing context configuration at 'file:/C:/Users/Lisan/AppData/Local/Temp/context9556556747877887468.xml'
14-Apr-2023 20:59:09.714 INFO [http-nio-8080-exec-199] org.apache.catalina.core.ApplicationContext.log Manager: list: Listing contexts for virtual host 'localhost'
14-Apr-2023 20:59:09.715 INFO [http-nio-8080-exec-203] org.apache.catalina.core.ApplicationContext.log Manager: list: Listing contexts for virtual host 'localhost'
14-Apr-2023 20:59:09.717 INFO [http-nio-8080-exec-202] org.apache.catalina.core.ApplicationContext.log Manager: undeploy: Undeploying web application at '/PruebaJSP'
14-Apr-2023 20:59:10.250 INFO [http-nio-8080-exec-203] org.apache.catalina.core.ApplicationContext.log Manager: install: Installing context configuration at 'file:/C:/Users/Lisan/AppData/Local/Temp/context17318995351248033540.xml'
14-Apr-2023 21:01:29.188 INFO [http-nio-8080-exec-208] org.apache.catalina.core.ApplicationContext.log Manager: list: Listing contexts for virtual host 'localhost'
14-Apr-2023 21:01:29.190 INFO [http-nio-8080-exec-201] org.apache.catalina.core.ApplicationContext.log Manager: list: Listing contexts for virtual host 'localhost'
14-Apr-2023 21:01:29.192 INFO [http-nio-8080-exec-207] org.apache.catalina.core.ApplicationContext.log Manager: undeploy: Undeploying web application at '/PruebaJSP'
14-Apr-2023 21:01:29.718 INFO [http-nio-8080-exec-202] org.apache.catalina.core.ApplicationContext.log Manager: install: Installing context configuration at 'file:/C:/Users/Lisan/AppData/Local/Temp/context11794986647983834207.xml'
14-Apr-2023 21:02:14.932 INFO [http-nio-8080-exec-211] org.apache.catalina.core.ApplicationContext.log Manager: list: Listing contexts for virtual host 'localhost'
14-Apr-2023 21:02:14.932 INFO [http-nio-8080-exec-205] org.apache.catalina.core.ApplicationContext.log Manager: list: Listing contexts for virtual host 'localhost'
14-Apr-2023 21:02:14.932 INFO [http-nio-8080-exec-207] org.apache.catalina.core.ApplicationContext.log Manager: undeploy: Undeploying web application at '/PruebaJSP'
14-Apr-2023 21:02:15.456 INFO [http-nio-8080-exec-205] org.apache.catalina.core.ApplicationContext.log Manager: install: Installing context configuration at 'file:/C:/Users/Lisan/AppData/Local/Temp/context128022905494209885.xml'
14-Apr-2023 21:03:02.820 INFO [http-nio-8080-exec-214] org.apache.catalina.core.ApplicationContext.log Manager: list: Listing contexts for virtual host 'localhost'
14-Apr-2023 21:03:02.820 INFO [http-nio-8080-exec-210] org.apache.catalina.core.ApplicationContext.log Manager: list: Listing contexts for virtual host 'localhost'
14-Apr-2023 21:03:02.820 INFO [http-nio-8080-exec-207] org.apache.catalina.core.ApplicationContext.log Manager: undeploy: Undeploying web application at '/PruebaJSP'
14-Apr-2023 21:03:03.337 INFO [http-nio-8080-exec-209] org.apache.catalina.core.ApplicationContext.log Manager: install: Installing context configuration at 'file:/C:/Users/Lisan/AppData/Local/Temp/context9760171869071515882.xml'
14-Apr-2023 21:03:40.689 INFO [http-nio-8080-exec-217] org.apache.catalina.core.ApplicationContext.log Manager: list: Listing contexts for virtual host 'localhost'
14-Apr-2023 21:03:40.690 INFO [http-nio-8080-exec-213] org.apache.catalina.core.ApplicationContext.log Manager: list: Listing contexts for virtual host 'localhost'
14-Apr-2023 21:03:40.693 INFO [http-nio-8080-exec-215] org.apache.catalina.core.ApplicationContext.log Manager: undeploy: Undeploying web application at '/PruebaJSP'
14-Apr-2023 21:03:41.719 INFO [http-nio-8080-exec-214] org.apache.catalina.core.ApplicationContext.log Manager: install: Installing context configuration at 'file:/C:/Users/Lisan/AppData/Local/Temp/context5196252037436730548.xml'
14-Apr-2023 21:43:18.162 INFO [http-nio-8080-exec-220] org.apache.catalina.core.ApplicationContext.log Manager: list: Listing contexts for virtual host 'localhost'
14-Apr-2023 21:43:18.164 INFO [http-nio-8080-exec-225] org.apache.catalina.core.ApplicationContext.log Manager: list: Listing contexts for virtual host 'localhost'
14-Apr-2023 21:43:18.166 INFO [http-nio-8080-exec-226] org.apache.catalina.core.ApplicationContext.log Manager: undeploy: Undeploying web application at '/PruebaJSP'
14-Apr-2023 21:43:18.683 INFO [http-nio-8080-exec-225] org.apache.catalina.core.ApplicationContext.log Manager: install: Installing context configuration at 'file:/C:/Users/Lisan/AppData/Local/Temp/context13080871642326568556.xml'
14-Apr-2023 21:43:55.845 INFO [http-nio-8080-exec-221] org.apache.catalina.core.ApplicationContext.log Manager: list: Listing contexts for virtual host 'localhost'
14-Apr-2023 21:43:55.847 INFO [http-nio-8080-exec-228] org.apache.catalina.core.ApplicationContext.log Manager: list: Listing contexts for virtual host 'localhost'
14-Apr-2023 21:43:55.848 INFO [http-nio-8080-exec-225] org.apache.catalina.core.ApplicationContext.log Manager: undeploy: Undeploying web application at '/PruebaJSP'
14-Apr-2023 21:43:56.876 INFO [http-nio-8080-exec-223] org.apache.catalina.core.ApplicationContext.log Manager: install: Installing context configuration at 'file:/C:/Users/Lisan/AppData/Local/Temp/context11812946470659948418.xml'
14-Apr-2023 21:44:24.573 INFO [http-nio-8080-exec-218] org.apache.catalina.core.ApplicationContext.log Manager: list: Listing contexts for virtual host 'localhost'
14-Apr-2023 21:44:24.575 INFO [http-nio-8080-exec-231] org.apache.catalina.core.ApplicationContext.log Manager: list: Listing contexts for virtual host 'localhost'
14-Apr-2023 21:44:24.577 INFO [http-nio-8080-exec-223] org.apache.catalina.core.ApplicationContext.log Manager: undeploy: Undeploying web application at '/PruebaJSP'
14-Apr-2023 21:44:25.089 INFO [http-nio-8080-exec-230] org.apache.catalina.core.ApplicationContext.log Manager: install: Installing context configuration at 'file:/C:/Users/Lisan/AppData/Local/Temp/context10210961422589816214.xml'
14-Apr-2023 21:44:27.425 INFO [http-nio-8080-exec-223] org.apache.catalina.core.ApplicationContext.log Manager: list: Listing contexts for virtual host 'localhost'
14-Apr-2023 21:44:27.426 INFO [http-nio-8080-exec-235] org.apache.catalina.core.ApplicationContext.log Manager: list: Listing contexts for virtual host 'localhost'
14-Apr-2023 21:44:27.431 INFO [http-nio-8080-exec-232] org.apache.catalina.core.ApplicationContext.log Manager: undeploy: Undeploying web application at '/PruebaJSP'
14-Apr-2023 21:44:27.938 INFO [http-nio-8080-exec-233] org.apache.catalina.core.ApplicationContext.log Manager: install: Installing context configuration at 'file:/C:/Users/Lisan/AppData/Local/Temp/context4604556724767015949.xml'
14-Apr-2023 21:47:10.183 INFO [http-nio-8080-exec-236] org.apache.catalina.core.ApplicationContext.log Manager: list: Listing contexts for virtual host 'localhost'
14-Apr-2023 21:47:10.183 INFO [http-nio-8080-exec-223] org.apache.catalina.core.ApplicationContext.log Manager: list: Listing contexts for virtual host 'localhost'
14-Apr-2023 21:47:10.183 INFO [http-nio-8080-exec-239] org.apache.catalina.core.ApplicationContext.log Manager: undeploy: Undeploying web application at '/PruebaJSP'
14-Apr-2023 21:47:10.706 INFO [http-nio-8080-exec-237] org.apache.catalina.core.ApplicationContext.log Manager: install: Installing context configuration at 'file:/C:/Users/Lisan/AppData/Local/Temp/context12936857002155125420.xml'
14-Apr-2023 21:48:24.269 INFO [http-nio-8080-exec-242] org.apache.catalina.core.ApplicationContext.log Manager: list: Listing contexts for virtual host 'localhost'
14-Apr-2023 21:48:24.271 INFO [http-nio-8080-exec-238] org.apache.catalina.core.ApplicationContext.log Manager: list: Listing contexts for virtual host 'localhost'
14-Apr-2023 21:48:24.272 INFO [http-nio-8080-exec-243] org.apache.catalina.core.ApplicationContext.log Manager: undeploy: Undeploying web application at '/PruebaJSP'
14-Apr-2023 21:48:24.796 INFO [http-nio-8080-exec-218] org.apache.catalina.core.ApplicationContext.log Manager: install: Installing context configuration at 'file:/C:/Users/Lisan/AppData/Local/Temp/context2267553452904890086.xml'
14-Apr-2023 21:48:52.871 INFO [http-nio-8080-exec-247] org.apache.catalina.core.ApplicationContext.log Manager: list: Listing contexts for virtual host 'localhost'
14-Apr-2023 21:48:52.878 INFO [http-nio-8080-exec-240] org.apache.catalina.core.ApplicationContext.log Manager: list: Listing contexts for virtual host 'localhost'
14-Apr-2023 21:48:52.881 INFO [http-nio-8080-exec-245] org.apache.catalina.core.ApplicationContext.log Manager: undeploy: Undeploying web application at '/PruebaJSP'
14-Apr-2023 21:48:53.392 INFO [http-nio-8080-exec-247] org.apache.catalina.core.ApplicationContext.log Manager: install: Installing context configuration at 'file:/C:/Users/Lisan/AppData/Local/Temp/context2251970341466920164.xml'
14-Apr-2023 21:48:54.431 INFO [http-nio-8080-exec-236] org.apache.catalina.core.ApplicationContext.log Manager: list: Listing contexts for virtual host 'localhost'
14-Apr-2023 21:48:54.432 INFO [http-nio-8080-exec-243] org.apache.catalina.core.ApplicationContext.log Manager: list: Listing contexts for virtual host 'localhost'
14-Apr-2023 21:48:54.435 INFO [http-nio-8080-exec-244] org.apache.catalina.core.ApplicationContext.log Manager: undeploy: Undeploying web application at '/PruebaJSP'
14-Apr-2023 21:48:54.955 INFO [http-nio-8080-exec-245] org.apache.catalina.core.ApplicationContext.log Manager: install: Installing context configuration at 'file:/C:/Users/Lisan/AppData/Local/Temp/context15491882078653400180.xml'
14-Apr-2023 21:49:50.697 INFO [http-nio-8080-exec-236] org.apache.catalina.core.ApplicationContext.log Manager: list: Listing contexts for virtual host 'localhost'
14-Apr-2023 21:49:50.698 INFO [http-nio-8080-exec-242] org.apache.catalina.core.ApplicationContext.log Manager: list: Listing contexts for virtual host 'localhost'
14-Apr-2023 21:49:50.700 INFO [http-nio-8080-exec-249] org.apache.catalina.core.ApplicationContext.log Manager: undeploy: Undeploying web application at '/PruebaJSP'
14-Apr-2023 21:49:51.216 INFO [http-nio-8080-exec-243] org.apache.catalina.core.ApplicationContext.log Manager: install: Installing context configuration at 'file:/C:/Users/Lisan/AppData/Local/Temp/context6130602916593397817.xml'
14-Apr-2023 21:51:13.486 INFO [http-nio-8080-exec-252] org.apache.catalina.core.ApplicationContext.log Manager: list: Listing contexts for virtual host 'localhost'
14-Apr-2023 21:51:13.487 INFO [http-nio-8080-exec-246] org.apache.catalina.core.ApplicationContext.log Manager: list: Listing contexts for virtual host 'localhost'
14-Apr-2023 21:51:13.490 INFO [http-nio-8080-exec-254] org.apache.catalina.core.ApplicationContext.log Manager: undeploy: Undeploying web application at '/PruebaJSP'
14-Apr-2023 21:51:13.999 INFO [http-nio-8080-exec-248] org.apache.catalina.core.ApplicationContext.log Manager: install: Installing context configuration at 'file:/C:/Users/Lisan/AppData/Local/Temp/context10540734859758618618.xml'
